2021-03-24 09:15:14.785 [main] WARN  org.springframework.data.convert.CustomConversions - Registering converter from class org.springframework.data.geo.Point to interface java.util.Map as writing converter although it doesn't convert to a store-supported type! You might want to check your annotation setup at the converter implementation.
2021-03-24 09:15:14.786 [main] WARN  org.springframework.data.convert.CustomConversions - Registering converter from interface java.util.Map to class org.springframework.data.geo.Point as reading converter although it doesn't convert from a store-supported type! You might want to check your annotation setup at the converter implementation.
2021-03-24 09:15:14.786 [main] WARN  org.springframework.data.convert.CustomConversions - Registering converter from class org.springframework.data.elasticsearch.core.geo.GeoPoint to interface java.util.Map as writing converter although it doesn't convert to a store-supported type! You might want to check your annotation setup at the converter implementation.
2021-03-24 09:15:14.787 [main] WARN  org.springframework.data.convert.CustomConversions - Registering converter from interface java.util.Map to class org.springframework.data.elasticsearch.core.geo.GeoPoint as reading converter although it doesn't convert from a store-supported type! You might want to check your annotation setup at the converter implementation.
2021-03-24 09:15:14.911 [main] WARN  o.s.data.elasticsearch.support.VersionInfo - Version mismatch in between Elasticsearch Client and Cluster: 7.6.2 - 7.5.2
2021-03-24 10:00:51.645 [main] WARN  org.springframework.data.convert.CustomConversions - Registering converter from class org.springframework.data.geo.Point to interface java.util.Map as writing converter although it doesn't convert to a store-supported type! You might want to check your annotation setup at the converter implementation.
2021-03-24 10:00:51.645 [main] WARN  org.springframework.data.convert.CustomConversions - Registering converter from interface java.util.Map to class org.springframework.data.geo.Point as reading converter although it doesn't convert from a store-supported type! You might want to check your annotation setup at the converter implementation.
2021-03-24 10:00:51.645 [main] WARN  org.springframework.data.convert.CustomConversions - Registering converter from class org.springframework.data.elasticsearch.core.geo.GeoPoint to interface java.util.Map as writing converter although it doesn't convert to a store-supported type! You might want to check your annotation setup at the converter implementation.
2021-03-24 10:00:51.646 [main] WARN  org.springframework.data.convert.CustomConversions - Registering converter from interface java.util.Map to class org.springframework.data.elasticsearch.core.geo.GeoPoint as reading converter although it doesn't convert from a store-supported type! You might want to check your annotation setup at the converter implementation.
2021-03-24 10:00:51.766 [main] WARN  o.s.data.elasticsearch.support.VersionInfo - Version mismatch in between Elasticsearch Client and Cluster: 7.6.2 - 7.5.2
2021-03-24 10:00:52.155 [main] WARN  o.s.d.e.r.support.AbstractElasticsearchRepository - Cannot create index: Index [LoginRecodes] not found.; nested exception is [LoginRecodes] ElasticsearchStatusException[Elasticsearch exception [type=invalid_index_name_exception, reason=Invalid index name [LoginRecodes], must be lowercase]]
2021-03-24 10:12:46.882 [main] WARN  org.springframework.data.convert.CustomConversions - Registering converter from class org.springframework.data.geo.Point to interface java.util.Map as writing converter although it doesn't convert to a store-supported type! You might want to check your annotation setup at the converter implementation.
2021-03-24 10:12:46.883 [main] WARN  org.springframework.data.convert.CustomConversions - Registering converter from interface java.util.Map to class org.springframework.data.geo.Point as reading converter although it doesn't convert from a store-supported type! You might want to check your annotation setup at the converter implementation.
2021-03-24 10:12:46.883 [main] WARN  org.springframework.data.convert.CustomConversions - Registering converter from class org.springframework.data.elasticsearch.core.geo.GeoPoint to interface java.util.Map as writing converter although it doesn't convert to a store-supported type! You might want to check your annotation setup at the converter implementation.
2021-03-24 10:12:46.883 [main] WARN  org.springframework.data.convert.CustomConversions - Registering converter from interface java.util.Map to class org.springframework.data.elasticsearch.core.geo.GeoPoint as reading converter although it doesn't convert from a store-supported type! You might want to check your annotation setup at the converter implementation.
2021-03-24 10:12:47.000 [main] WARN  o.s.data.elasticsearch.support.VersionInfo - Version mismatch in between Elasticsearch Client and Cluster: 7.6.2 - 7.5.2
2021-03-24 10:13:17.352 [main] WARN  o.s.d.e.r.support.AbstractElasticsearchRepository - Cannot create index: Elasticsearch exception [type=master_not_discovered_exception, reason=ClusterBlockException[index [LoginRecodes] blocked by: [SERVICE_UNAVAILABLE/1/state not recovered / initialized];]]; nested exception is ElasticsearchStatusException[Elasticsearch exception [type=master_not_discovered_exception, reason=ClusterBlockException[index [LoginRecodes] blocked by: [SERVICE_UNAVAILABLE/1/state not recovered / initialized];]]]; nested: ElasticsearchException[Elasticsearch exception [type=cluster_block_exception, reason=index [LoginRecodes] blocked by: [SERVICE_UNAVAILABLE/1/state not recovered / initialized];]];
2021-03-24 10:13:27.629 [main] WARN  org.springframework.data.convert.CustomConversions - Registering converter from class org.springframework.data.geo.Point to interface java.util.Map as writing converter although it doesn't convert to a store-supported type! You might want to check your annotation setup at the converter implementation.
2021-03-24 10:13:27.629 [main] WARN  org.springframework.data.convert.CustomConversions - Registering converter from interface java.util.Map to class org.springframework.data.geo.Point as reading converter although it doesn't convert from a store-supported type! You might want to check your annotation setup at the converter implementation.
2021-03-24 10:13:27.629 [main] WARN  org.springframework.data.convert.CustomConversions - Registering converter from class org.springframework.data.elasticsearch.core.geo.GeoPoint to interface java.util.Map as writing converter although it doesn't convert to a store-supported type! You might want to check your annotation setup at the converter implementation.
2021-03-24 10:13:27.629 [main] WARN  org.springframework.data.convert.CustomConversions - Registering converter from interface java.util.Map to class org.springframework.data.elasticsearch.core.geo.GeoPoint as reading converter although it doesn't convert from a store-supported type! You might want to check your annotation setup at the converter implementation.
2021-03-24 10:13:27.743 [main] WARN  o.s.data.elasticsearch.support.VersionInfo - Version mismatch in between Elasticsearch Client and Cluster: 7.6.2 - 7.5.2
2021-03-24 10:13:58.286 [main] WARN  o.s.d.e.r.support.AbstractElasticsearchRepository - Cannot create index: 30,000 milliseconds timeout on connection http-outgoing-0 [ACTIVE]; nested exception is java.lang.RuntimeException: 30,000 milliseconds timeout on connection http-outgoing-0 [ACTIVE]
2021-03-24 10:16:14.097 [main] WARN  org.springframework.data.convert.CustomConversions - Registering converter from class org.springframework.data.geo.Point to interface java.util.Map as writing converter although it doesn't convert to a store-supported type! You might want to check your annotation setup at the converter implementation.
2021-03-24 10:16:14.097 [main] WARN  org.springframework.data.convert.CustomConversions - Registering converter from interface java.util.Map to class org.springframework.data.geo.Point as reading converter although it doesn't convert from a store-supported type! You might want to check your annotation setup at the converter implementation.
2021-03-24 10:16:14.097 [main] WARN  org.springframework.data.convert.CustomConversions - Registering converter from class org.springframework.data.elasticsearch.core.geo.GeoPoint to interface java.util.Map as writing converter although it doesn't convert to a store-supported type! You might want to check your annotation setup at the converter implementation.
2021-03-24 10:16:14.097 [main] WARN  org.springframework.data.convert.CustomConversions - Registering converter from interface java.util.Map to class org.springframework.data.elasticsearch.core.geo.GeoPoint as reading converter although it doesn't convert from a store-supported type! You might want to check your annotation setup at the converter implementation.
2021-03-24 10:16:14.230 [main] WARN  o.s.data.elasticsearch.support.VersionInfo - Version mismatch in between Elasticsearch Client and Cluster: 7.6.2 - 7.5.2
2021-03-24 10:16:14.542 [main] WARN  o.s.d.e.r.support.AbstractElasticsearchRepository - Cannot create index: Index [LoginRecodes] not found.; nested exception is [LoginRecodes] ElasticsearchStatusException[Elasticsearch exception [type=invalid_index_name_exception, reason=Invalid index name [LoginRecodes], must be lowercase]]
2021-03-24 10:17:08.485 [main] WARN  org.springframework.data.convert.CustomConversions - Registering converter from class org.springframework.data.geo.Point to interface java.util.Map as writing converter although it doesn't convert to a store-supported type! You might want to check your annotation setup at the converter implementation.
2021-03-24 10:17:08.485 [main] WARN  org.springframework.data.convert.CustomConversions - Registering converter from interface java.util.Map to class org.springframework.data.geo.Point as reading converter although it doesn't convert from a store-supported type! You might want to check your annotation setup at the converter implementation.
2021-03-24 10:17:08.485 [main] WARN  org.springframework.data.convert.CustomConversions - Registering converter from class org.springframework.data.elasticsearch.core.geo.GeoPoint to interface java.util.Map as writing converter although it doesn't convert to a store-supported type! You might want to check your annotation setup at the converter implementation.
2021-03-24 10:17:08.485 [main] WARN  org.springframework.data.convert.CustomConversions - Registering converter from interface java.util.Map to class org.springframework.data.elasticsearch.core.geo.GeoPoint as reading converter although it doesn't convert from a store-supported type! You might want to check your annotation setup at the converter implementation.
2021-03-24 10:17:08.605 [main] WARN  o.s.data.elasticsearch.support.VersionInfo - Version mismatch in between Elasticsearch Client and Cluster: 7.6.2 - 7.5.2
2021-03-24 10:17:08.985 [main] WARN  o.s.d.e.r.support.AbstractElasticsearchRepository - Cannot create index: Index [LoginRecodes] not found.; nested exception is [LoginRecodes] ElasticsearchStatusException[Elasticsearch exception [type=invalid_index_name_exception, reason=Invalid index name [LoginRecodes], must be lowercase]]
2021-03-24 10:20:51.900 [main] WARN  org.springframework.data.convert.CustomConversions - Registering converter from class org.springframework.data.geo.Point to interface java.util.Map as writing converter although it doesn't convert to a store-supported type! You might want to check your annotation setup at the converter implementation.
2021-03-24 10:20:51.900 [main] WARN  org.springframework.data.convert.CustomConversions - Registering converter from interface java.util.Map to class org.springframework.data.geo.Point as reading converter although it doesn't convert from a store-supported type! You might want to check your annotation setup at the converter implementation.
2021-03-24 10:20:51.900 [main] WARN  org.springframework.data.convert.CustomConversions - Registering converter from class org.springframework.data.elasticsearch.core.geo.GeoPoint to interface java.util.Map as writing converter although it doesn't convert to a store-supported type! You might want to check your annotation setup at the converter implementation.
2021-03-24 10:20:51.900 [main] WARN  org.springframework.data.convert.CustomConversions - Registering converter from interface java.util.Map to class org.springframework.data.elasticsearch.core.geo.GeoPoint as reading converter although it doesn't convert from a store-supported type! You might want to check your annotation setup at the converter implementation.
2021-03-24 10:20:52.031 [main] WARN  o.s.data.elasticsearch.support.VersionInfo - Version mismatch in between Elasticsearch Client and Cluster: 7.6.2 - 7.5.2
2021-03-24 10:20:52.415 [main] WARN  o.s.d.e.r.support.AbstractElasticsearchRepository - Cannot create index: Index [LoginRecodes] not found.; nested exception is [LoginRecodes] ElasticsearchStatusException[Elasticsearch exception [type=invalid_index_name_exception, reason=Invalid index name [LoginRecodes], must be lowercase]]
2021-03-24 10:42:33.107 [main] WARN  org.springframework.data.convert.CustomConversions - Registering converter from class org.springframework.data.geo.Point to interface java.util.Map as writing converter although it doesn't convert to a store-supported type! You might want to check your annotation setup at the converter implementation.
2021-03-24 10:42:33.107 [main] WARN  org.springframework.data.convert.CustomConversions - Registering converter from interface java.util.Map to class org.springframework.data.geo.Point as reading converter although it doesn't convert from a store-supported type! You might want to check your annotation setup at the converter implementation.
2021-03-24 10:42:33.107 [main] WARN  org.springframework.data.convert.CustomConversions - Registering converter from class org.springframework.data.elasticsearch.core.geo.GeoPoint to interface java.util.Map as writing converter although it doesn't convert to a store-supported type! You might want to check your annotation setup at the converter implementation.
2021-03-24 10:42:33.107 [main] WARN  org.springframework.data.convert.CustomConversions - Registering converter from interface java.util.Map to class org.springframework.data.elasticsearch.core.geo.GeoPoint as reading converter although it doesn't convert from a store-supported type! You might want to check your annotation setup at the converter implementation.
2021-03-24 10:42:33.222 [main] WARN  o.s.data.elasticsearch.support.VersionInfo - Version mismatch in between Elasticsearch Client and Cluster: 7.6.2 - 7.5.2
2021-03-24 10:42:33.527 [main] WARN  o.s.d.e.r.support.AbstractElasticsearchRepository - Cannot create index: Index [LoginRecodes] not found.; nested exception is [LoginRecodes] ElasticsearchStatusException[Elasticsearch exception [type=invalid_index_name_exception, reason=Invalid index name [LoginRecodes], must be lowercase]]
2021-03-24 11:52:35.114 [main] WARN  org.springframework.data.convert.CustomConversions - Registering converter from class org.springframework.data.geo.Point to interface java.util.Map as writing converter although it doesn't convert to a store-supported type! You might want to check your annotation setup at the converter implementation.
2021-03-24 11:52:35.114 [main] WARN  org.springframework.data.convert.CustomConversions - Registering converter from interface java.util.Map to class org.springframework.data.geo.Point as reading converter although it doesn't convert from a store-supported type! You might want to check your annotation setup at the converter implementation.
2021-03-24 11:52:35.115 [main] WARN  org.springframework.data.convert.CustomConversions - Registering converter from class org.springframework.data.elasticsearch.core.geo.GeoPoint to interface java.util.Map as writing converter although it doesn't convert to a store-supported type! You might want to check your annotation setup at the converter implementation.
2021-03-24 11:52:35.115 [main] WARN  org.springframework.data.convert.CustomConversions - Registering converter from interface java.util.Map to class org.springframework.data.elasticsearch.core.geo.GeoPoint as reading converter although it doesn't convert from a store-supported type! You might want to check your annotation setup at the converter implementation.
2021-03-24 11:52:35.250 [main] WARN  o.s.data.elasticsearch.support.VersionInfo - Version mismatch in between Elasticsearch Client and Cluster: 7.6.2 - 7.5.2
2021-03-24 11:52:35.609 [main] WARN  o.s.d.e.r.support.AbstractElasticsearchRepository - Cannot create index: Index [LoginRecodes] not found.; nested exception is [LoginRecodes] ElasticsearchStatusException[Elasticsearch exception [type=invalid_index_name_exception, reason=Invalid index name [LoginRecodes], must be lowercase]]
2021-03-24 11:54:30.646 [main] WARN  org.springframework.data.convert.CustomConversions - Registering converter from class org.springframework.data.geo.Point to interface java.util.Map as writing converter although it doesn't convert to a store-supported type! You might want to check your annotation setup at the converter implementation.
2021-03-24 11:54:30.647 [main] WARN  org.springframework.data.convert.CustomConversions - Registering converter from interface java.util.Map to class org.springframework.data.geo.Point as reading converter although it doesn't convert from a store-supported type! You might want to check your annotation setup at the converter implementation.
2021-03-24 11:54:30.647 [main] WARN  org.springframework.data.convert.CustomConversions - Registering converter from class org.springframework.data.elasticsearch.core.geo.GeoPoint to interface java.util.Map as writing converter although it doesn't convert to a store-supported type! You might want to check your annotation setup at the converter implementation.
2021-03-24 11:54:30.647 [main] WARN  org.springframework.data.convert.CustomConversions - Registering converter from interface java.util.Map to class org.springframework.data.elasticsearch.core.geo.GeoPoint as reading converter although it doesn't convert from a store-supported type! You might want to check your annotation setup at the converter implementation.
2021-03-24 11:54:30.775 [main] WARN  o.s.data.elasticsearch.support.VersionInfo - Version mismatch in between Elasticsearch Client and Cluster: 7.6.2 - 7.5.2
2021-03-24 11:54:31.085 [main] WARN  o.s.d.e.r.support.AbstractElasticsearchRepository - Cannot create index: Index [LoginRecodes] not found.; nested exception is [LoginRecodes] ElasticsearchStatusException[Elasticsearch exception [type=invalid_index_name_exception, reason=Invalid index name [LoginRecodes], must be lowercase]]
2021-03-24 12:17:17.829 [main] WARN  org.springframework.data.convert.CustomConversions - Registering converter from class org.springframework.data.geo.Point to interface java.util.Map as writing converter although it doesn't convert to a store-supported type! You might want to check your annotation setup at the converter implementation.
2021-03-24 12:17:17.829 [main] WARN  org.springframework.data.convert.CustomConversions - Registering converter from interface java.util.Map to class org.springframework.data.geo.Point as reading converter although it doesn't convert from a store-supported type! You might want to check your annotation setup at the converter implementation.
2021-03-24 12:17:17.829 [main] WARN  org.springframework.data.convert.CustomConversions - Registering converter from class org.springframework.data.elasticsearch.core.geo.GeoPoint to interface java.util.Map as writing converter although it doesn't convert to a store-supported type! You might want to check your annotation setup at the converter implementation.
2021-03-24 12:17:17.829 [main] WARN  org.springframework.data.convert.CustomConversions - Registering converter from interface java.util.Map to class org.springframework.data.elasticsearch.core.geo.GeoPoint as reading converter although it doesn't convert from a store-supported type! You might want to check your annotation setup at the converter implementation.
2021-03-24 12:17:17.950 [main] WARN  o.s.data.elasticsearch.support.VersionInfo - Version mismatch in between Elasticsearch Client and Cluster: 7.6.2 - 7.5.2
2021-03-24 12:17:18.240 [main] WARN  o.s.d.e.r.support.AbstractElasticsearchRepository - Cannot create index: Index [LoginRecodes] not found.; nested exception is [LoginRecodes] ElasticsearchStatusException[Elasticsearch exception [type=invalid_index_name_exception, reason=Invalid index name [LoginRecodes], must be lowercase]]
2021-03-24 12:18:24.535 [main] WARN  org.springframework.data.convert.CustomConversions - Registering converter from class org.springframework.data.geo.Point to interface java.util.Map as writing converter although it doesn't convert to a store-supported type! You might want to check your annotation setup at the converter implementation.
2021-03-24 12:18:24.535 [main] WARN  org.springframework.data.convert.CustomConversions - Registering converter from interface java.util.Map to class org.springframework.data.geo.Point as reading converter although it doesn't convert from a store-supported type! You might want to check your annotation setup at the converter implementation.
2021-03-24 12:18:24.535 [main] WARN  org.springframework.data.convert.CustomConversions - Registering converter from class org.springframework.data.elasticsearch.core.geo.GeoPoint to interface java.util.Map as writing converter although it doesn't convert to a store-supported type! You might want to check your annotation setup at the converter implementation.
2021-03-24 12:18:24.535 [main] WARN  org.springframework.data.convert.CustomConversions - Registering converter from interface java.util.Map to class org.springframework.data.elasticsearch.core.geo.GeoPoint as reading converter although it doesn't convert from a store-supported type! You might want to check your annotation setup at the converter implementation.
2021-03-24 12:18:24.732 [main] WARN  o.s.data.elasticsearch.support.VersionInfo - Version mismatch in between Elasticsearch Client and Cluster: 7.6.2 - 7.5.2
2021-03-24 12:18:25.121 [main] WARN  o.s.d.e.r.support.AbstractElasticsearchRepository - Cannot create index: Index [LoginRecodes] not found.; nested exception is [LoginRecodes] ElasticsearchStatusException[Elasticsearch exception [type=invalid_index_name_exception, reason=Invalid index name [LoginRecodes], must be lowercase]]
2021-03-24 12:18:56.580 [main] WARN  org.springframework.data.convert.CustomConversions - Registering converter from class org.springframework.data.geo.Point to interface java.util.Map as writing converter although it doesn't convert to a store-supported type! You might want to check your annotation setup at the converter implementation.
2021-03-24 12:18:56.580 [main] WARN  org.springframework.data.convert.CustomConversions - Registering converter from interface java.util.Map to class org.springframework.data.geo.Point as reading converter although it doesn't convert from a store-supported type! You might want to check your annotation setup at the converter implementation.
2021-03-24 12:18:56.581 [main] WARN  org.springframework.data.convert.CustomConversions - Registering converter from class org.springframework.data.elasticsearch.core.geo.GeoPoint to interface java.util.Map as writing converter although it doesn't convert to a store-supported type! You might want to check your annotation setup at the converter implementation.
2021-03-24 12:18:56.581 [main] WARN  org.springframework.data.convert.CustomConversions - Registering converter from interface java.util.Map to class org.springframework.data.elasticsearch.core.geo.GeoPoint as reading converter although it doesn't convert from a store-supported type! You might want to check your annotation setup at the converter implementation.
2021-03-24 12:18:56.704 [main] WARN  o.s.data.elasticsearch.support.VersionInfo - Version mismatch in between Elasticsearch Client and Cluster: 7.6.2 - 7.5.2
2021-03-24 12:18:57.049 [main] WARN  o.s.d.e.r.support.AbstractElasticsearchRepository - Cannot create index: Index [LoginRecodes] not found.; nested exception is [LoginRecodes] ElasticsearchStatusException[Elasticsearch exception [type=invalid_index_name_exception, reason=Invalid index name [LoginRecodes], must be lowercase]]
2021-03-24 12:19:16.038 [main] WARN  org.springframework.data.convert.CustomConversions - Registering converter from class org.springframework.data.geo.Point to interface java.util.Map as writing converter although it doesn't convert to a store-supported type! You might want to check your annotation setup at the converter implementation.
2021-03-24 12:19:16.039 [main] WARN  org.springframework.data.convert.CustomConversions - Registering converter from interface java.util.Map to class org.springframework.data.geo.Point as reading converter although it doesn't convert from a store-supported type! You might want to check your annotation setup at the converter implementation.
2021-03-24 12:19:16.039 [main] WARN  org.springframework.data.convert.CustomConversions - Registering converter from class org.springframework.data.elasticsearch.core.geo.GeoPoint to interface java.util.Map as writing converter although it doesn't convert to a store-supported type! You might want to check your annotation setup at the converter implementation.
2021-03-24 12:19:16.039 [main] WARN  org.springframework.data.convert.CustomConversions - Registering converter from interface java.util.Map to class org.springframework.data.elasticsearch.core.geo.GeoPoint as reading converter although it doesn't convert from a store-supported type! You might want to check your annotation setup at the converter implementation.
2021-03-24 12:19:16.159 [main] WARN  o.s.data.elasticsearch.support.VersionInfo - Version mismatch in between Elasticsearch Client and Cluster: 7.6.2 - 7.5.2
2021-03-24 12:19:16.521 [main] WARN  o.s.d.e.r.support.AbstractElasticsearchRepository - Cannot create index: Index [LoginRecodes] not found.; nested exception is [LoginRecodes] ElasticsearchStatusException[Elasticsearch exception [type=invalid_index_name_exception, reason=Invalid index name [LoginRecodes], must be lowercase]]
2021-03-24 12:52:23.733 [http-nio-8081-exec-2] WARN  o.s.w.s.m.support.DefaultHandlerExceptionResolver - Resolved [org.springframework.web.HttpRequestMethodNotSupportedException: Request method 'GET' not supported]
2021-03-24 14:18:07.821 [main] WARN  org.springframework.data.convert.CustomConversions - Registering converter from class org.springframework.data.geo.Point to interface java.util.Map as writing converter although it doesn't convert to a store-supported type! You might want to check your annotation setup at the converter implementation.
2021-03-24 14:18:07.821 [main] WARN  org.springframework.data.convert.CustomConversions - Registering converter from interface java.util.Map to class org.springframework.data.geo.Point as reading converter although it doesn't convert from a store-supported type! You might want to check your annotation setup at the converter implementation.
2021-03-24 14:18:07.821 [main] WARN  org.springframework.data.convert.CustomConversions - Registering converter from class org.springframework.data.elasticsearch.core.geo.GeoPoint to interface java.util.Map as writing converter although it doesn't convert to a store-supported type! You might want to check your annotation setup at the converter implementation.
2021-03-24 14:18:07.821 [main] WARN  org.springframework.data.convert.CustomConversions - Registering converter from interface java.util.Map to class org.springframework.data.elasticsearch.core.geo.GeoPoint as reading converter although it doesn't convert from a store-supported type! You might want to check your annotation setup at the converter implementation.
2021-03-24 14:18:07.962 [main] WARN  o.s.data.elasticsearch.support.VersionInfo - Version mismatch in between Elasticsearch Client and Cluster: 7.6.2 - 7.5.0
2021-03-24 14:18:08.352 [main] WARN  o.s.d.e.r.support.AbstractElasticsearchRepository - Cannot create index: Index [LoginRecodes] not found.; nested exception is [LoginRecodes] ElasticsearchStatusException[Elasticsearch exception [type=invalid_index_name_exception, reason=Invalid index name [LoginRecodes], must be lowercase]]
2021-03-24 14:20:51.218 [main] WARN  org.springframework.data.convert.CustomConversions - Registering converter from class org.springframework.data.geo.Point to interface java.util.Map as writing converter although it doesn't convert to a store-supported type! You might want to check your annotation setup at the converter implementation.
2021-03-24 14:20:51.218 [main] WARN  org.springframework.data.convert.CustomConversions - Registering converter from interface java.util.Map to class org.springframework.data.geo.Point as reading converter although it doesn't convert from a store-supported type! You might want to check your annotation setup at the converter implementation.
2021-03-24 14:20:51.218 [main] WARN  org.springframework.data.convert.CustomConversions - Registering converter from class org.springframework.data.elasticsearch.core.geo.GeoPoint to interface java.util.Map as writing converter although it doesn't convert to a store-supported type! You might want to check your annotation setup at the converter implementation.
2021-03-24 14:20:51.218 [main] WARN  org.springframework.data.convert.CustomConversions - Registering converter from interface java.util.Map to class org.springframework.data.elasticsearch.core.geo.GeoPoint as reading converter although it doesn't convert from a store-supported type! You might want to check your annotation setup at the converter implementation.
2021-03-24 14:20:51.386 [main] WARN  o.s.data.elasticsearch.support.VersionInfo - Version mismatch in between Elasticsearch Client and Cluster: 7.6.2 - 7.5.0
2021-03-24 14:20:51.790 [main] WARN  o.s.d.e.r.support.AbstractElasticsearchRepository - Cannot create index: Index [LoginRecodes] not found.; nested exception is [LoginRecodes] ElasticsearchStatusException[Elasticsearch exception [type=invalid_index_name_exception, reason=Invalid index name [LoginRecodes], must be lowercase]]
2021-03-24 14:23:04.872 [main] WARN  org.springframework.data.convert.CustomConversions - Registering converter from class org.springframework.data.geo.Point to interface java.util.Map as writing converter although it doesn't convert to a store-supported type! You might want to check your annotation setup at the converter implementation.
2021-03-24 14:23:04.872 [main] WARN  org.springframework.data.convert.CustomConversions - Registering converter from interface java.util.Map to class org.springframework.data.geo.Point as reading converter although it doesn't convert from a store-supported type! You might want to check your annotation setup at the converter implementation.
2021-03-24 14:23:04.872 [main] WARN  org.springframework.data.convert.CustomConversions - Registering converter from class org.springframework.data.elasticsearch.core.geo.GeoPoint to interface java.util.Map as writing converter although it doesn't convert to a store-supported type! You might want to check your annotation setup at the converter implementation.
2021-03-24 14:23:04.872 [main] WARN  org.springframework.data.convert.CustomConversions - Registering converter from interface java.util.Map to class org.springframework.data.elasticsearch.core.geo.GeoPoint as reading converter although it doesn't convert from a store-supported type! You might want to check your annotation setup at the converter implementation.
2021-03-24 14:23:04.981 [main] WARN  o.s.data.elasticsearch.support.VersionInfo - Version mismatch in between Elasticsearch Client and Cluster: 7.6.2 - 7.5.0
2021-03-24 14:23:05.278 [main] WARN  o.s.d.e.r.support.AbstractElasticsearchRepository - Cannot create index: Index [LoginRecodes] not found.; nested exception is [LoginRecodes] ElasticsearchStatusException[Elasticsearch exception [type=invalid_index_name_exception, reason=Invalid index name [LoginRecodes], must be lowercase]]
2021-03-24 14:51:32.148 [main] WARN  org.springframework.data.convert.CustomConversions - Registering converter from class org.springframework.data.geo.Point to interface java.util.Map as writing converter although it doesn't convert to a store-supported type! You might want to check your annotation setup at the converter implementation.
2021-03-24 14:51:32.148 [main] WARN  org.springframework.data.convert.CustomConversions - Registering converter from interface java.util.Map to class org.springframework.data.geo.Point as reading converter although it doesn't convert from a store-supported type! You might want to check your annotation setup at the converter implementation.
2021-03-24 14:51:32.148 [main] WARN  org.springframework.data.convert.CustomConversions - Registering converter from class org.springframework.data.elasticsearch.core.geo.GeoPoint to interface java.util.Map as writing converter although it doesn't convert to a store-supported type! You might want to check your annotation setup at the converter implementation.
2021-03-24 14:51:32.148 [main] WARN  org.springframework.data.convert.CustomConversions - Registering converter from interface java.util.Map to class org.springframework.data.elasticsearch.core.geo.GeoPoint as reading converter although it doesn't convert from a store-supported type! You might want to check your annotation setup at the converter implementation.
2021-03-24 14:51:32.269 [main] WARN  o.s.data.elasticsearch.support.VersionInfo - Version mismatch in between Elasticsearch Client and Cluster: 7.6.2 - 7.5.0
2021-03-24 14:51:32.608 [main] WARN  o.s.d.e.r.support.AbstractElasticsearchRepository - Cannot create index: Index [LoginRecodes] not found.; nested exception is [LoginRecodes] ElasticsearchStatusException[Elasticsearch exception [type=invalid_index_name_exception, reason=Invalid index name [LoginRecodes], must be lowercase]]
2021-03-24 14:52:47.239 [main] WARN  org.springframework.data.convert.CustomConversions - Registering converter from class org.springframework.data.geo.Point to interface java.util.Map as writing converter although it doesn't convert to a store-supported type! You might want to check your annotation setup at the converter implementation.
2021-03-24 14:52:47.239 [main] WARN  org.springframework.data.convert.CustomConversions - Registering converter from interface java.util.Map to class org.springframework.data.geo.Point as reading converter although it doesn't convert from a store-supported type! You might want to check your annotation setup at the converter implementation.
2021-03-24 14:52:47.239 [main] WARN  org.springframework.data.convert.CustomConversions - Registering converter from class org.springframework.data.elasticsearch.core.geo.GeoPoint to interface java.util.Map as writing converter although it doesn't convert to a store-supported type! You might want to check your annotation setup at the converter implementation.
2021-03-24 14:52:47.239 [main] WARN  org.springframework.data.convert.CustomConversions - Registering converter from interface java.util.Map to class org.springframework.data.elasticsearch.core.geo.GeoPoint as reading converter although it doesn't convert from a store-supported type! You might want to check your annotation setup at the converter implementation.
2021-03-24 14:52:47.372 [main] WARN  o.s.data.elasticsearch.support.VersionInfo - Version mismatch in between Elasticsearch Client and Cluster: 7.6.2 - 7.5.0
2021-03-24 14:52:47.769 [main] WARN  o.s.d.e.r.support.AbstractElasticsearchRepository - Cannot create index: Index [LoginRecodes] not found.; nested exception is [LoginRecodes] ElasticsearchStatusException[Elasticsearch exception [type=invalid_index_name_exception, reason=Invalid index name [LoginRecodes], must be lowercase]]
2021-03-24 15:08:32.039 [main] WARN  o.s.b.w.s.c.AnnotationConfigServletWebServerApplicationContext - Exception encountered during context initialization - cancelling refresh attempt: org.springframework.beans.factory.BeanCreationException: Error creating bean with name 'elasticSearchConfig': Injection of autowired dependencies failed; nested exception is java.lang.IllegalArgumentException: Could not resolve placeholder 'esHost' in value "${esHost}"
2021-03-24 15:08:32.070 [main] WARN  org.apache.catalina.loader.WebappClassLoaderBase - The web application [ROOT] appears to have started a thread named [ForkJoinPool.commonPool-worker-1] but has failed to stop it. This is very likely to create a memory leak. Stack trace of thread:
 sun.misc.Unsafe.park(Native Method)
 java.util.concurrent.ForkJoinPool.awaitWork(ForkJoinPool.java:1824)
 java.util.concurrent.ForkJoinPool.runWorker(ForkJoinPool.java:1693)
 java.util.concurrent.ForkJoinWorkerThread.run(ForkJoinWorkerThread.java:157)
2021-03-24 15:08:32.070 [main] WARN  org.apache.catalina.loader.WebappClassLoaderBase - The web application [ROOT] appears to have started a thread named [ForkJoinPool.commonPool-worker-2] but has failed to stop it. This is very likely to create a memory leak. Stack trace of thread:
 sun.misc.Unsafe.park(Native Method)
 java.util.concurrent.ForkJoinPool.awaitWork(ForkJoinPool.java:1824)
 java.util.concurrent.ForkJoinPool.runWorker(ForkJoinPool.java:1693)
 java.util.concurrent.ForkJoinWorkerThread.run(ForkJoinWorkerThread.java:157)
2021-03-24 15:08:32.071 [main] WARN  org.apache.catalina.loader.WebappClassLoaderBase - The web application [ROOT] appears to have started a thread named [ForkJoinPool.commonPool-worker-3] but has failed to stop it. This is very likely to create a memory leak. Stack trace of thread:
 sun.misc.Unsafe.park(Native Method)
 java.util.concurrent.ForkJoinPool.awaitWork(ForkJoinPool.java:1824)
 java.util.concurrent.ForkJoinPool.runWorker(ForkJoinPool.java:1693)
 java.util.concurrent.ForkJoinWorkerThread.run(ForkJoinWorkerThread.java:157)
2021-03-24 15:08:32.071 [main] WARN  org.apache.catalina.loader.WebappClassLoaderBase - The web application [ROOT] appears to have started a thread named [ForkJoinPool.commonPool-worker-4] but has failed to stop it. This is very likely to create a memory leak. Stack trace of thread:
 sun.misc.Unsafe.park(Native Method)
 java.util.concurrent.ForkJoinPool.awaitWork(ForkJoinPool.java:1824)
 java.util.concurrent.ForkJoinPool.runWorker(ForkJoinPool.java:1693)
 java.util.concurrent.ForkJoinWorkerThread.run(ForkJoinWorkerThread.java:157)
2021-03-24 15:08:32.072 [main] WARN  org.apache.catalina.loader.WebappClassLoaderBase - The web application [ROOT] appears to have started a thread named [ForkJoinPool.commonPool-worker-5] but has failed to stop it. This is very likely to create a memory leak. Stack trace of thread:
 sun.misc.Unsafe.park(Native Method)
 java.util.concurrent.ForkJoinPool.awaitWork(ForkJoinPool.java:1824)
 java.util.concurrent.ForkJoinPool.runWorker(ForkJoinPool.java:1693)
 java.util.concurrent.ForkJoinWorkerThread.run(ForkJoinWorkerThread.java:157)
2021-03-24 15:08:32.072 [main] WARN  org.apache.catalina.loader.WebappClassLoaderBase - The web application [ROOT] appears to have started a thread named [ForkJoinPool.commonPool-worker-6] but has failed to stop it. This is very likely to create a memory leak. Stack trace of thread:
 sun.misc.Unsafe.park(Native Method)
 java.util.concurrent.ForkJoinPool.awaitWork(ForkJoinPool.java:1824)
 java.util.concurrent.ForkJoinPool.runWorker(ForkJoinPool.java:1693)
 java.util.concurrent.ForkJoinWorkerThread.run(ForkJoinWorkerThread.java:157)
2021-03-24 15:08:32.072 [main] WARN  org.apache.catalina.loader.WebappClassLoaderBase - The web application [ROOT] appears to have started a thread named [ForkJoinPool.commonPool-worker-7] but has failed to stop it. This is very likely to create a memory leak. Stack trace of thread:
 sun.misc.Unsafe.park(Native Method)
 java.util.concurrent.ForkJoinPool.awaitWork(ForkJoinPool.java:1824)
 java.util.concurrent.ForkJoinPool.runWorker(ForkJoinPool.java:1693)
 java.util.concurrent.ForkJoinWorkerThread.run(ForkJoinWorkerThread.java:157)
2021-03-24 15:08:51.308 [main] WARN  o.s.b.w.s.c.AnnotationConfigServletWebServerApplicationContext - Exception encountered during context initialization - cancelling refresh attempt: org.springframework.beans.factory.BeanCreationException: Error creating bean with name 'elasticSearchConfig': Injection of autowired dependencies failed; nested exception is java.lang.IllegalArgumentException: Could not resolve placeholder 'esHost' in value "${esHost}"
2021-03-24 15:08:51.344 [main] WARN  org.apache.catalina.loader.WebappClassLoaderBase - The web application [ROOT] appears to have started a thread named [ForkJoinPool.commonPool-worker-1] but has failed to stop it. This is very likely to create a memory leak. Stack trace of thread:
 sun.misc.Unsafe.park(Native Method)
 java.util.concurrent.ForkJoinPool.awaitWork(ForkJoinPool.java:1824)
 java.util.concurrent.ForkJoinPool.runWorker(ForkJoinPool.java:1693)
 java.util.concurrent.ForkJoinWorkerThread.run(ForkJoinWorkerThread.java:157)
2021-03-24 15:08:51.344 [main] WARN  org.apache.catalina.loader.WebappClassLoaderBase - The web application [ROOT] appears to have started a thread named [ForkJoinPool.commonPool-worker-2] but has failed to stop it. This is very likely to create a memory leak. Stack trace of thread:
 sun.misc.Unsafe.park(Native Method)
 java.util.concurrent.ForkJoinPool.awaitWork(ForkJoinPool.java:1824)
 java.util.concurrent.ForkJoinPool.runWorker(ForkJoinPool.java:1693)
 java.util.concurrent.ForkJoinWorkerThread.run(ForkJoinWorkerThread.java:157)
2021-03-24 15:08:51.344 [main] WARN  org.apache.catalina.loader.WebappClassLoaderBase - The web application [ROOT] appears to have started a thread named [ForkJoinPool.commonPool-worker-3] but has failed to stop it. This is very likely to create a memory leak. Stack trace of thread:
 sun.misc.Unsafe.park(Native Method)
 java.util.concurrent.ForkJoinPool.awaitWork(ForkJoinPool.java:1824)
 java.util.concurrent.ForkJoinPool.runWorker(ForkJoinPool.java:1693)
 java.util.concurrent.ForkJoinWorkerThread.run(ForkJoinWorkerThread.java:157)
2021-03-24 15:08:51.345 [main] WARN  org.apache.catalina.loader.WebappClassLoaderBase - The web application [ROOT] appears to have started a thread named [ForkJoinPool.commonPool-worker-4] but has failed to stop it. This is very likely to create a memory leak. Stack trace of thread:
 sun.misc.Unsafe.park(Native Method)
 java.util.concurrent.ForkJoinPool.awaitWork(ForkJoinPool.java:1824)
 java.util.concurrent.ForkJoinPool.runWorker(ForkJoinPool.java:1693)
 java.util.concurrent.ForkJoinWorkerThread.run(ForkJoinWorkerThread.java:157)
2021-03-24 15:08:51.345 [main] WARN  org.apache.catalina.loader.WebappClassLoaderBase - The web application [ROOT] appears to have started a thread named [ForkJoinPool.commonPool-worker-5] but has failed to stop it. This is very likely to create a memory leak. Stack trace of thread:
 sun.misc.Unsafe.park(Native Method)
 java.util.concurrent.ForkJoinPool.awaitWork(ForkJoinPool.java:1824)
 java.util.concurrent.ForkJoinPool.runWorker(ForkJoinPool.java:1693)
 java.util.concurrent.ForkJoinWorkerThread.run(ForkJoinWorkerThread.java:157)
2021-03-24 15:08:51.346 [main] WARN  org.apache.catalina.loader.WebappClassLoaderBase - The web application [ROOT] appears to have started a thread named [ForkJoinPool.commonPool-worker-6] but has failed to stop it. This is very likely to create a memory leak. Stack trace of thread:
 sun.misc.Unsafe.park(Native Method)
 java.util.concurrent.ForkJoinPool.awaitWork(ForkJoinPool.java:1824)
 java.util.concurrent.ForkJoinPool.runWorker(ForkJoinPool.java:1693)
 java.util.concurrent.ForkJoinWorkerThread.run(ForkJoinWorkerThread.java:157)
2021-03-24 15:08:51.346 [main] WARN  org.apache.catalina.loader.WebappClassLoaderBase - The web application [ROOT] appears to have started a thread named [ForkJoinPool.commonPool-worker-7] but has failed to stop it. This is very likely to create a memory leak. Stack trace of thread:
 sun.misc.Unsafe.park(Native Method)
 java.util.concurrent.ForkJoinPool.awaitWork(ForkJoinPool.java:1824)
 java.util.concurrent.ForkJoinPool.runWorker(ForkJoinPool.java:1693)
 java.util.concurrent.ForkJoinWorkerThread.run(ForkJoinWorkerThread.java:157)
2021-03-24 15:13:50.390 [main] WARN  o.s.b.w.s.c.AnnotationConfigServletWebServerApplicationContext - Exception encountered during context initialization - cancelling refresh attempt: org.springframework.beans.factory.BeanCreationException: Error creating bean with name 'elasticSearchConfig': Injection of autowired dependencies failed; nested exception is java.lang.IllegalArgumentException: Could not resolve placeholder 'esHost' in value "${esHost}"
2021-03-24 15:13:50.437 [main] WARN  org.apache.catalina.loader.WebappClassLoaderBase - The web application [ROOT] appears to have started a thread named [ForkJoinPool.commonPool-worker-1] but has failed to stop it. This is very likely to create a memory leak. Stack trace of thread:
 sun.misc.Unsafe.park(Native Method)
 java.util.concurrent.ForkJoinPool.awaitWork(ForkJoinPool.java:1824)
 java.util.concurrent.ForkJoinPool.runWorker(ForkJoinPool.java:1693)
 java.util.concurrent.ForkJoinWorkerThread.run(ForkJoinWorkerThread.java:157)
2021-03-24 15:13:50.437 [main] WARN  org.apache.catalina.loader.WebappClassLoaderBase - The web application [ROOT] appears to have started a thread named [ForkJoinPool.commonPool-worker-2] but has failed to stop it. This is very likely to create a memory leak. Stack trace of thread:
 sun.misc.Unsafe.park(Native Method)
 java.util.concurrent.ForkJoinPool.awaitWork(ForkJoinPool.java:1824)
 java.util.concurrent.ForkJoinPool.runWorker(ForkJoinPool.java:1693)
 java.util.concurrent.ForkJoinWorkerThread.run(ForkJoinWorkerThread.java:157)
2021-03-24 15:13:50.437 [main] WARN  org.apache.catalina.loader.WebappClassLoaderBase - The web application [ROOT] appears to have started a thread named [ForkJoinPool.commonPool-worker-3] but has failed to stop it. This is very likely to create a memory leak. Stack trace of thread:
 sun.misc.Unsafe.park(Native Method)
 java.util.concurrent.ForkJoinPool.awaitWork(ForkJoinPool.java:1824)
 java.util.concurrent.ForkJoinPool.runWorker(ForkJoinPool.java:1693)
 java.util.concurrent.ForkJoinWorkerThread.run(ForkJoinWorkerThread.java:157)
2021-03-24 15:13:50.437 [main] WARN  org.apache.catalina.loader.WebappClassLoaderBase - The web application [ROOT] appears to have started a thread named [ForkJoinPool.commonPool-worker-4] but has failed to stop it. This is very likely to create a memory leak. Stack trace of thread:
 sun.misc.Unsafe.park(Native Method)
 java.util.concurrent.ForkJoinPool.awaitWork(ForkJoinPool.java:1824)
 java.util.concurrent.ForkJoinPool.runWorker(ForkJoinPool.java:1693)
 java.util.concurrent.ForkJoinWorkerThread.run(ForkJoinWorkerThread.java:157)
2021-03-24 15:13:50.437 [main] WARN  org.apache.catalina.loader.WebappClassLoaderBase - The web application [ROOT] appears to have started a thread named [ForkJoinPool.commonPool-worker-5] but has failed to stop it. This is very likely to create a memory leak. Stack trace of thread:
 sun.misc.Unsafe.park(Native Method)
 java.util.concurrent.ForkJoinPool.awaitWork(ForkJoinPool.java:1824)
 java.util.concurrent.ForkJoinPool.runWorker(ForkJoinPool.java:1693)
 java.util.concurrent.ForkJoinWorkerThread.run(ForkJoinWorkerThread.java:157)
2021-03-24 15:13:50.437 [main] WARN  org.apache.catalina.loader.WebappClassLoaderBase - The web application [ROOT] appears to have started a thread named [ForkJoinPool.commonPool-worker-6] but has failed to stop it. This is very likely to create a memory leak. Stack trace of thread:
 sun.misc.Unsafe.park(Native Method)
 java.util.concurrent.ForkJoinPool.awaitWork(ForkJoinPool.java:1824)
 java.util.concurrent.ForkJoinPool.runWorker(ForkJoinPool.java:1693)
 java.util.concurrent.ForkJoinWorkerThread.run(ForkJoinWorkerThread.java:157)
2021-03-24 15:13:50.437 [main] WARN  org.apache.catalina.loader.WebappClassLoaderBase - The web application [ROOT] appears to have started a thread named [ForkJoinPool.commonPool-worker-7] but has failed to stop it. This is very likely to create a memory leak. Stack trace of thread:
 sun.misc.Unsafe.park(Native Method)
 java.util.concurrent.ForkJoinPool.awaitWork(ForkJoinPool.java:1824)
 java.util.concurrent.ForkJoinPool.runWorker(ForkJoinPool.java:1693)
 java.util.concurrent.ForkJoinWorkerThread.run(ForkJoinWorkerThread.java:157)
2021-03-24 15:47:26.177 [main] WARN  org.springframework.data.convert.CustomConversions - Registering converter from class org.springframework.data.geo.Point to interface java.util.Map as writing converter although it doesn't convert to a store-supported type! You might want to check your annotation setup at the converter implementation.
2021-03-24 15:47:26.177 [main] WARN  org.springframework.data.convert.CustomConversions - Registering converter from interface java.util.Map to class org.springframework.data.geo.Point as reading converter although it doesn't convert from a store-supported type! You might want to check your annotation setup at the converter implementation.
2021-03-24 15:47:26.177 [main] WARN  org.springframework.data.convert.CustomConversions - Registering converter from class org.springframework.data.elasticsearch.core.geo.GeoPoint to interface java.util.Map as writing converter although it doesn't convert to a store-supported type! You might want to check your annotation setup at the converter implementation.
2021-03-24 15:47:26.177 [main] WARN  org.springframework.data.convert.CustomConversions - Registering converter from interface java.util.Map to class org.springframework.data.elasticsearch.core.geo.GeoPoint as reading converter although it doesn't convert from a store-supported type! You might want to check your annotation setup at the converter implementation.
2021-03-24 15:47:26.321 [main] WARN  o.s.data.elasticsearch.support.VersionInfo - Version mismatch in between Elasticsearch Client and Cluster: 7.6.2 - 7.5.0
2021-03-24 15:47:26.718 [main] WARN  o.s.d.e.r.support.AbstractElasticsearchRepository - Cannot create index: Index [LoginRecodes] not found.; nested exception is [LoginRecodes] ElasticsearchStatusException[Elasticsearch exception [type=invalid_index_name_exception, reason=Invalid index name [LoginRecodes], must be lowercase]]
2021-03-24 15:52:56.033 [main] WARN  org.springframework.data.convert.CustomConversions - Registering converter from class org.springframework.data.geo.Point to interface java.util.Map as writing converter although it doesn't convert to a store-supported type! You might want to check your annotation setup at the converter implementation.
2021-03-24 15:52:56.033 [main] WARN  org.springframework.data.convert.CustomConversions - Registering converter from interface java.util.Map to class org.springframework.data.geo.Point as reading converter although it doesn't convert from a store-supported type! You might want to check your annotation setup at the converter implementation.
2021-03-24 15:52:56.034 [main] WARN  org.springframework.data.convert.CustomConversions - Registering converter from class org.springframework.data.elasticsearch.core.geo.GeoPoint to interface java.util.Map as writing converter although it doesn't convert to a store-supported type! You might want to check your annotation setup at the converter implementation.
2021-03-24 15:52:56.034 [main] WARN  org.springframework.data.convert.CustomConversions - Registering converter from interface java.util.Map to class org.springframework.data.elasticsearch.core.geo.GeoPoint as reading converter although it doesn't convert from a store-supported type! You might want to check your annotation setup at the converter implementation.
2021-03-24 15:52:56.174 [main] WARN  o.s.data.elasticsearch.support.VersionInfo - Version mismatch in between Elasticsearch Client and Cluster: 7.6.2 - 7.5.0
2021-03-24 15:52:56.649 [main] WARN  o.s.d.e.r.support.AbstractElasticsearchRepository - Cannot create index: Index [LoginRecodes] not found.; nested exception is [LoginRecodes] ElasticsearchStatusException[Elasticsearch exception [type=invalid_index_name_exception, reason=Invalid index name [LoginRecodes], must be lowercase]]
2021-03-24 16:04:21.083 [main] WARN  org.springframework.data.convert.CustomConversions - Registering converter from class org.springframework.data.geo.Point to interface java.util.Map as writing converter although it doesn't convert to a store-supported type! You might want to check your annotation setup at the converter implementation.
2021-03-24 16:04:21.084 [main] WARN  org.springframework.data.convert.CustomConversions - Registering converter from interface java.util.Map to class org.springframework.data.geo.Point as reading converter although it doesn't convert from a store-supported type! You might want to check your annotation setup at the converter implementation.
2021-03-24 16:04:21.084 [main] WARN  org.springframework.data.convert.CustomConversions - Registering converter from class org.springframework.data.elasticsearch.core.geo.GeoPoint to interface java.util.Map as writing converter although it doesn't convert to a store-supported type! You might want to check your annotation setup at the converter implementation.
2021-03-24 16:04:21.084 [main] WARN  org.springframework.data.convert.CustomConversions - Registering converter from interface java.util.Map to class org.springframework.data.elasticsearch.core.geo.GeoPoint as reading converter although it doesn't convert from a store-supported type! You might want to check your annotation setup at the converter implementation.
2021-03-24 16:04:21.204 [main] WARN  o.s.data.elasticsearch.support.VersionInfo - Version mismatch in between Elasticsearch Client and Cluster: 7.6.2 - 7.5.0
2021-03-24 16:04:51.565 [main] WARN  o.s.d.e.r.support.AbstractElasticsearchRepository - Cannot create index: 30,000 milliseconds timeout on connection http-outgoing-0 [ACTIVE]; nested exception is java.lang.RuntimeException: 30,000 milliseconds timeout on connection http-outgoing-0 [ACTIVE]
2021-03-24 16:47:25.220 [main] WARN  org.springframework.data.convert.CustomConversions - Registering converter from class org.springframework.data.geo.Point to interface java.util.Map as writing converter although it doesn't convert to a store-supported type! You might want to check your annotation setup at the converter implementation.
2021-03-24 16:47:25.220 [main] WARN  org.springframework.data.convert.CustomConversions - Registering converter from interface java.util.Map to class org.springframework.data.geo.Point as reading converter although it doesn't convert from a store-supported type! You might want to check your annotation setup at the converter implementation.
2021-03-24 16:47:25.220 [main] WARN  org.springframework.data.convert.CustomConversions - Registering converter from class org.springframework.data.elasticsearch.core.geo.GeoPoint to interface java.util.Map as writing converter although it doesn't convert to a store-supported type! You might want to check your annotation setup at the converter implementation.
2021-03-24 16:47:25.220 [main] WARN  org.springframework.data.convert.CustomConversions - Registering converter from interface java.util.Map to class org.springframework.data.elasticsearch.core.geo.GeoPoint as reading converter although it doesn't convert from a store-supported type! You might want to check your annotation setup at the converter implementation.
2021-03-24 16:47:27.464 [main] WARN  o.s.d.e.r.support.AbstractElasticsearchRepository - Cannot create index: Timeout connecting to [localhost/127.0.0.1:9200]; nested exception is java.lang.RuntimeException: Timeout connecting to [localhost/127.0.0.1:9200]
2021-03-24 17:54:03.689 [main] WARN  org.springframework.data.convert.CustomConversions - Registering converter from class org.springframework.data.geo.Point to interface java.util.Map as writing converter although it doesn't convert to a store-supported type! You might want to check your annotation setup at the converter implementation.
2021-03-24 17:54:03.689 [main] WARN  org.springframework.data.convert.CustomConversions - Registering converter from interface java.util.Map to class org.springframework.data.geo.Point as reading converter although it doesn't convert from a store-supported type! You might want to check your annotation setup at the converter implementation.
2021-03-24 17:54:03.690 [main] WARN  org.springframework.data.convert.CustomConversions - Registering converter from class org.springframework.data.elasticsearch.core.geo.GeoPoint to interface java.util.Map as writing converter although it doesn't convert to a store-supported type! You might want to check your annotation setup at the converter implementation.
2021-03-24 17:54:03.690 [main] WARN  org.springframework.data.convert.CustomConversions - Registering converter from interface java.util.Map to class org.springframework.data.elasticsearch.core.geo.GeoPoint as reading converter although it doesn't convert from a store-supported type! You might want to check your annotation setup at the converter implementation.
2021-03-24 17:54:06.024 [main] WARN  o.s.d.e.r.support.AbstractElasticsearchRepository - Cannot create index: Timeout connecting to [localhost/127.0.0.1:9200]; nested exception is java.lang.RuntimeException: Timeout connecting to [localhost/127.0.0.1:9200]
2021-03-24 18:10:16.307 [main] WARN  org.springframework.data.convert.CustomConversions - Registering converter from class org.springframework.data.geo.Point to interface java.util.Map as writing converter although it doesn't convert to a store-supported type! You might want to check your annotation setup at the converter implementation.
2021-03-24 18:10:16.307 [main] WARN  org.springframework.data.convert.CustomConversions - Registering converter from interface java.util.Map to class org.springframework.data.geo.Point as reading converter although it doesn't convert from a store-supported type! You might want to check your annotation setup at the converter implementation.
2021-03-24 18:10:16.307 [main] WARN  org.springframework.data.convert.CustomConversions - Registering converter from class org.springframework.data.elasticsearch.core.geo.GeoPoint to interface java.util.Map as writing converter although it doesn't convert to a store-supported type! You might want to check your annotation setup at the converter implementation.
2021-03-24 18:10:16.308 [main] WARN  org.springframework.data.convert.CustomConversions - Registering converter from interface java.util.Map to class org.springframework.data.elasticsearch.core.geo.GeoPoint as reading converter although it doesn't convert from a store-supported type! You might want to check your annotation setup at the converter implementation.
2021-03-24 18:10:18.603 [main] WARN  o.s.d.e.r.support.AbstractElasticsearchRepository - Cannot create index: Timeout connecting to [localhost/127.0.0.1:9200]; nested exception is java.lang.RuntimeException: Timeout connecting to [localhost/127.0.0.1:9200]
2021-03-24 18:11:58.873 [main] WARN  org.springframework.data.convert.CustomConversions - Registering converter from class org.springframework.data.geo.Point to interface java.util.Map as writing converter although it doesn't convert to a store-supported type! You might want to check your annotation setup at the converter implementation.
2021-03-24 18:11:58.873 [main] WARN  org.springframework.data.convert.CustomConversions - Registering converter from interface java.util.Map to class org.springframework.data.geo.Point as reading converter although it doesn't convert from a store-supported type! You might want to check your annotation setup at the converter implementation.
2021-03-24 18:11:58.873 [main] WARN  org.springframework.data.convert.CustomConversions - Registering converter from class org.springframework.data.elasticsearch.core.geo.GeoPoint to interface java.util.Map as writing converter although it doesn't convert to a store-supported type! You might want to check your annotation setup at the converter implementation.
2021-03-24 18:11:58.873 [main] WARN  org.springframework.data.convert.CustomConversions - Registering converter from interface java.util.Map to class org.springframework.data.elasticsearch.core.geo.GeoPoint as reading converter although it doesn't convert from a store-supported type! You might want to check your annotation setup at the converter implementation.
2021-03-24 18:12:01.151 [main] WARN  o.s.d.e.r.support.AbstractElasticsearchRepository - Cannot create index: Timeout connecting to [localhost/127.0.0.1:9200]; nested exception is java.lang.RuntimeException: Timeout connecting to [localhost/127.0.0.1:9200]
2021-03-24 18:14:36.493 [main] WARN  org.springframework.data.convert.CustomConversions - Registering converter from class org.springframework.data.geo.Point to interface java.util.Map as writing converter although it doesn't convert to a store-supported type! You might want to check your annotation setup at the converter implementation.
2021-03-24 18:14:36.493 [main] WARN  org.springframework.data.convert.CustomConversions - Registering converter from interface java.util.Map to class org.springframework.data.geo.Point as reading converter although it doesn't convert from a store-supported type! You might want to check your annotation setup at the converter implementation.
2021-03-24 18:14:36.493 [main] WARN  org.springframework.data.convert.CustomConversions - Registering converter from class org.springframework.data.elasticsearch.core.geo.GeoPoint to interface java.util.Map as writing converter although it doesn't convert to a store-supported type! You might want to check your annotation setup at the converter implementation.
2021-03-24 18:14:36.493 [main] WARN  org.springframework.data.convert.CustomConversions - Registering converter from interface java.util.Map to class org.springframework.data.elasticsearch.core.geo.GeoPoint as reading converter although it doesn't convert from a store-supported type! You might want to check your annotation setup at the converter implementation.
2021-03-24 18:14:39.752 [main] WARN  o.s.d.e.r.support.AbstractElasticsearchRepository - Cannot create index: Timeout connecting to [localhost/127.0.0.1:9200]; nested exception is java.lang.RuntimeException: Timeout connecting to [localhost/127.0.0.1:9200]
2021-03-24 19:05:27.912 [main] WARN  org.springframework.data.convert.CustomConversions - Registering converter from class org.springframework.data.geo.Point to interface java.util.Map as writing converter although it doesn't convert to a store-supported type! You might want to check your annotation setup at the converter implementation.
2021-03-24 19:05:27.912 [main] WARN  org.springframework.data.convert.CustomConversions - Registering converter from interface java.util.Map to class org.springframework.data.geo.Point as reading converter although it doesn't convert from a store-supported type! You might want to check your annotation setup at the converter implementation.
2021-03-24 19:05:27.912 [main] WARN  org.springframework.data.convert.CustomConversions - Registering converter from class org.springframework.data.elasticsearch.core.geo.GeoPoint to interface java.util.Map as writing converter although it doesn't convert to a store-supported type! You might want to check your annotation setup at the converter implementation.
2021-03-24 19:05:27.913 [main] WARN  org.springframework.data.convert.CustomConversions - Registering converter from interface java.util.Map to class org.springframework.data.elasticsearch.core.geo.GeoPoint as reading converter although it doesn't convert from a store-supported type! You might want to check your annotation setup at the converter implementation.
2021-03-24 19:05:30.204 [main] WARN  o.s.d.e.r.support.AbstractElasticsearchRepository - Cannot create index: Timeout connecting to [localhost/127.0.0.1:9200]; nested exception is java.lang.RuntimeException: Timeout connecting to [localhost/127.0.0.1:9200]
2021-03-24 19:06:11.772 [main] WARN  org.springframework.data.convert.CustomConversions - Registering converter from class org.springframework.data.geo.Point to interface java.util.Map as writing converter although it doesn't convert to a store-supported type! You might want to check your annotation setup at the converter implementation.
2021-03-24 19:06:11.772 [main] WARN  org.springframework.data.convert.CustomConversions - Registering converter from interface java.util.Map to class org.springframework.data.geo.Point as reading converter although it doesn't convert from a store-supported type! You might want to check your annotation setup at the converter implementation.
2021-03-24 19:06:11.772 [main] WARN  org.springframework.data.convert.CustomConversions - Registering converter from class org.springframework.data.elasticsearch.core.geo.GeoPoint to interface java.util.Map as writing converter although it doesn't convert to a store-supported type! You might want to check your annotation setup at the converter implementation.
2021-03-24 19:06:11.772 [main] WARN  org.springframework.data.convert.CustomConversions - Registering converter from interface java.util.Map to class org.springframework.data.elasticsearch.core.geo.GeoPoint as reading converter although it doesn't convert from a store-supported type! You might want to check your annotation setup at the converter implementation.
2021-03-24 19:06:13.993 [main] WARN  o.s.d.e.r.support.AbstractElasticsearchRepository - Cannot create index: Timeout connecting to [localhost/127.0.0.1:9200]; nested exception is java.lang.RuntimeException: Timeout connecting to [localhost/127.0.0.1:9200]
2021-03-24 19:13:06.663 [main] WARN  org.springframework.data.convert.CustomConversions - Registering converter from class org.springframework.data.geo.Point to interface java.util.Map as writing converter although it doesn't convert to a store-supported type! You might want to check your annotation setup at the converter implementation.
2021-03-24 19:13:06.663 [main] WARN  org.springframework.data.convert.CustomConversions - Registering converter from interface java.util.Map to class org.springframework.data.geo.Point as reading converter although it doesn't convert from a store-supported type! You might want to check your annotation setup at the converter implementation.
2021-03-24 19:13:06.663 [main] WARN  org.springframework.data.convert.CustomConversions - Registering converter from class org.springframework.data.elasticsearch.core.geo.GeoPoint to interface java.util.Map as writing converter although it doesn't convert to a store-supported type! You might want to check your annotation setup at the converter implementation.
2021-03-24 19:13:06.663 [main] WARN  org.springframework.data.convert.CustomConversions - Registering converter from interface java.util.Map to class org.springframework.data.elasticsearch.core.geo.GeoPoint as reading converter although it doesn't convert from a store-supported type! You might want to check your annotation setup at the converter implementation.
2021-03-24 19:32:39.213 [HikariPool-1 housekeeper] WARN  com.zaxxer.hikari.pool.HikariPool - HikariPool-1 - Thread starvation or clock leap detected (housekeeper delta=48s161ms425s300ns).
2021-03-24 19:35:04.909 [HikariPool-1 housekeeper] WARN  com.zaxxer.hikari.pool.HikariPool - HikariPool-1 - Thread starvation or clock leap detected (housekeeper delta=1m55s690ms664s200ns).
2021-03-24 19:38:47.870 [HikariPool-1 housekeeper] WARN  com.zaxxer.hikari.pool.HikariPool - HikariPool-1 - Thread starvation or clock leap detected (housekeeper delta=2m12s927ms586s600ns).
2021-03-24 19:40:50.866 [HikariPool-1 housekeeper] WARN  com.zaxxer.hikari.pool.HikariPool - HikariPool-1 - Thread starvation or clock leap detected (housekeeper delta=2m2s996ms215s400ns).
2021-03-24 19:42:32.030 [main] WARN  o.s.b.w.s.c.AnnotationConfigServletWebServerApplicationContext - Exception encountered during context initialization - cancelling refresh attempt: org.springframework.beans.factory.BeanCreationException: Error creating bean with name 'springSecurityFilterChain' defined in class path resource [org/springframework/security/config/annotation/web/configuration/WebSecurityConfiguration.class]: Bean instantiation via factory method failed; nested exception is org.springframework.beans.BeanInstantiationException: Failed to instantiate [javax.servlet.Filter]: Factory method 'springSecurityFilterChain' threw exception; nested exception is java.lang.IllegalStateException: Can't configure antMatchers after anyRequest
2021-03-24 19:42:32.067 [main] WARN  org.apache.catalina.loader.WebappClassLoaderBase - The web application [ROOT] appears to have started a thread named [ForkJoinPool.commonPool-worker-1] but has failed to stop it. This is very likely to create a memory leak. Stack trace of thread:
 sun.misc.Unsafe.park(Native Method)
 java.util.concurrent.ForkJoinPool.awaitWork(ForkJoinPool.java:1824)
 java.util.concurrent.ForkJoinPool.runWorker(ForkJoinPool.java:1693)
 java.util.concurrent.ForkJoinWorkerThread.run(ForkJoinWorkerThread.java:157)
2021-03-24 19:42:32.068 [main] WARN  org.apache.catalina.loader.WebappClassLoaderBase - The web application [ROOT] appears to have started a thread named [ForkJoinPool.commonPool-worker-2] but has failed to stop it. This is very likely to create a memory leak. Stack trace of thread:
 sun.misc.Unsafe.park(Native Method)
 java.util.concurrent.ForkJoinPool.awaitWork(ForkJoinPool.java:1824)
 java.util.concurrent.ForkJoinPool.runWorker(ForkJoinPool.java:1693)
 java.util.concurrent.ForkJoinWorkerThread.run(ForkJoinWorkerThread.java:157)
2021-03-24 19:42:32.068 [main] WARN  org.apache.catalina.loader.WebappClassLoaderBase - The web application [ROOT] appears to have started a thread named [ForkJoinPool.commonPool-worker-3] but has failed to stop it. This is very likely to create a memory leak. Stack trace of thread:
 sun.misc.Unsafe.park(Native Method)
 java.util.concurrent.ForkJoinPool.awaitWork(ForkJoinPool.java:1824)
 java.util.concurrent.ForkJoinPool.runWorker(ForkJoinPool.java:1693)
 java.util.concurrent.ForkJoinWorkerThread.run(ForkJoinWorkerThread.java:157)
2021-03-24 19:42:32.069 [main] WARN  org.apache.catalina.loader.WebappClassLoaderBase - The web application [ROOT] appears to have started a thread named [ForkJoinPool.commonPool-worker-4] but has failed to stop it. This is very likely to create a memory leak. Stack trace of thread:
 sun.misc.Unsafe.park(Native Method)
 java.util.concurrent.ForkJoinPool.awaitWork(ForkJoinPool.java:1824)
 java.util.concurrent.ForkJoinPool.runWorker(ForkJoinPool.java:1693)
 java.util.concurrent.ForkJoinWorkerThread.run(ForkJoinWorkerThread.java:157)
2021-03-24 19:42:32.069 [main] WARN  org.apache.catalina.loader.WebappClassLoaderBase - The web application [ROOT] appears to have started a thread named [ForkJoinPool.commonPool-worker-5] but has failed to stop it. This is very likely to create a memory leak. Stack trace of thread:
 sun.misc.Unsafe.park(Native Method)
 java.util.concurrent.ForkJoinPool.awaitWork(ForkJoinPool.java:1824)
 java.util.concurrent.ForkJoinPool.runWorker(ForkJoinPool.java:1693)
 java.util.concurrent.ForkJoinWorkerThread.run(ForkJoinWorkerThread.java:157)
2021-03-24 19:42:32.069 [main] WARN  org.apache.catalina.loader.WebappClassLoaderBase - The web application [ROOT] appears to have started a thread named [ForkJoinPool.commonPool-worker-6] but has failed to stop it. This is very likely to create a memory leak. Stack trace of thread:
 sun.misc.Unsafe.park(Native Method)
 java.util.concurrent.ForkJoinPool.awaitWork(ForkJoinPool.java:1824)
 java.util.concurrent.ForkJoinPool.runWorker(ForkJoinPool.java:1693)
 java.util.concurrent.ForkJoinWorkerThread.run(ForkJoinWorkerThread.java:157)
2021-03-24 19:42:32.070 [main] WARN  org.apache.catalina.loader.WebappClassLoaderBase - The web application [ROOT] appears to have started a thread named [ForkJoinPool.commonPool-worker-7] but has failed to stop it. This is very likely to create a memory leak. Stack trace of thread:
 sun.misc.Unsafe.park(Native Method)
 java.util.concurrent.ForkJoinPool.awaitWork(ForkJoinPool.java:1824)
 java.util.concurrent.ForkJoinPool.runWorker(ForkJoinPool.java:1693)
 java.util.concurrent.ForkJoinWorkerThread.run(ForkJoinWorkerThread.java:157)
2021-03-24 19:42:48.460 [main] WARN  o.s.b.w.s.c.AnnotationConfigServletWebServerApplicationContext - Exception encountered during context initialization - cancelling refresh attempt: org.springframework.beans.factory.BeanCreationException: Error creating bean with name 'springSecurityFilterChain' defined in class path resource [org/springframework/security/config/annotation/web/configuration/WebSecurityConfiguration.class]: Bean instantiation via factory method failed; nested exception is org.springframework.beans.BeanInstantiationException: Failed to instantiate [javax.servlet.Filter]: Factory method 'springSecurityFilterChain' threw exception; nested exception is java.lang.IllegalStateException: Can't configure antMatchers after anyRequest
2021-03-24 19:42:48.511 [main] WARN  org.apache.catalina.loader.WebappClassLoaderBase - The web application [ROOT] appears to have started a thread named [ForkJoinPool.commonPool-worker-1] but has failed to stop it. This is very likely to create a memory leak. Stack trace of thread:
 sun.misc.Unsafe.park(Native Method)
 java.util.concurrent.ForkJoinPool.awaitWork(ForkJoinPool.java:1824)
 java.util.concurrent.ForkJoinPool.runWorker(ForkJoinPool.java:1693)
 java.util.concurrent.ForkJoinWorkerThread.run(ForkJoinWorkerThread.java:157)
2021-03-24 19:42:48.511 [main] WARN  org.apache.catalina.loader.WebappClassLoaderBase - The web application [ROOT] appears to have started a thread named [ForkJoinPool.commonPool-worker-2] but has failed to stop it. This is very likely to create a memory leak. Stack trace of thread:
 sun.misc.Unsafe.park(Native Method)
 java.util.concurrent.ForkJoinPool.awaitWork(ForkJoinPool.java:1824)
 java.util.concurrent.ForkJoinPool.runWorker(ForkJoinPool.java:1693)
 java.util.concurrent.ForkJoinWorkerThread.run(ForkJoinWorkerThread.java:157)
2021-03-24 19:42:48.511 [main] WARN  org.apache.catalina.loader.WebappClassLoaderBase - The web application [ROOT] appears to have started a thread named [ForkJoinPool.commonPool-worker-3] but has failed to stop it. This is very likely to create a memory leak. Stack trace of thread:
 sun.misc.Unsafe.park(Native Method)
 java.util.concurrent.ForkJoinPool.awaitWork(ForkJoinPool.java:1824)
 java.util.concurrent.ForkJoinPool.runWorker(ForkJoinPool.java:1693)
 java.util.concurrent.ForkJoinWorkerThread.run(ForkJoinWorkerThread.java:157)
2021-03-24 19:42:48.511 [main] WARN  org.apache.catalina.loader.WebappClassLoaderBase - The web application [ROOT] appears to have started a thread named [ForkJoinPool.commonPool-worker-4] but has failed to stop it. This is very likely to create a memory leak. Stack trace of thread:
 sun.misc.Unsafe.park(Native Method)
 java.util.concurrent.ForkJoinPool.awaitWork(ForkJoinPool.java:1824)
 java.util.concurrent.ForkJoinPool.runWorker(ForkJoinPool.java:1693)
 java.util.concurrent.ForkJoinWorkerThread.run(ForkJoinWorkerThread.java:157)
2021-03-24 19:42:48.512 [main] WARN  org.apache.catalina.loader.WebappClassLoaderBase - The web application [ROOT] appears to have started a thread named [ForkJoinPool.commonPool-worker-5] but has failed to stop it. This is very likely to create a memory leak. Stack trace of thread:
 sun.misc.Unsafe.park(Native Method)
 java.util.concurrent.ForkJoinPool.awaitWork(ForkJoinPool.java:1824)
 java.util.concurrent.ForkJoinPool.runWorker(ForkJoinPool.java:1693)
 java.util.concurrent.ForkJoinWorkerThread.run(ForkJoinWorkerThread.java:157)
2021-03-24 19:42:48.512 [main] WARN  org.apache.catalina.loader.WebappClassLoaderBase - The web application [ROOT] appears to have started a thread named [ForkJoinPool.commonPool-worker-6] but has failed to stop it. This is very likely to create a memory leak. Stack trace of thread:
 sun.misc.Unsafe.park(Native Method)
 java.util.concurrent.ForkJoinPool.awaitWork(ForkJoinPool.java:1824)
 java.util.concurrent.ForkJoinPool.runWorker(ForkJoinPool.java:1693)
 java.util.concurrent.ForkJoinWorkerThread.run(ForkJoinWorkerThread.java:157)
2021-03-24 19:42:48.512 [main] WARN  org.apache.catalina.loader.WebappClassLoaderBase - The web application [ROOT] appears to have started a thread named [ForkJoinPool.commonPool-worker-7] but has failed to stop it. This is very likely to create a memory leak. Stack trace of thread:
 sun.misc.Unsafe.park(Native Method)
 java.util.concurrent.ForkJoinPool.awaitWork(ForkJoinPool.java:1824)
 java.util.concurrent.ForkJoinPool.runWorker(ForkJoinPool.java:1693)
 java.util.concurrent.ForkJoinWorkerThread.run(ForkJoinWorkerThread.java:157)
2021-03-24 19:46:50.970 [HikariPool-1 housekeeper] WARN  com.zaxxer.hikari.pool.HikariPool - HikariPool-1 - Thread starvation or clock leap detected (housekeeper delta=45s915ms829s200ns).
2021-03-24 19:50:45.352 [HikariPool-1 housekeeper] WARN  com.zaxxer.hikari.pool.HikariPool - HikariPool-1 - Thread starvation or clock leap detected (housekeeper delta=1m1s915ms501s900ns).
2021-03-24 20:10:31.827 [HikariPool-1 housekeeper] WARN  com.zaxxer.hikari.pool.HikariPool - HikariPool-1 - Thread starvation or clock leap detected (housekeeper delta=50s431ms335s200ns).
2021-03-24 20:22:02.397 [HikariPool-1 housekeeper] WARN  com.zaxxer.hikari.pool.HikariPool - HikariPool-1 - Thread starvation or clock leap detected (housekeeper delta=3m39s239ms914s200ns).
2021-03-24 20:39:37.424 [http-nio-8081-exec-4] WARN  o.s.w.s.m.support.DefaultHandlerExceptionResolver - Resolved [org.springframework.http.converter.HttpMessageNotReadableException: I/O error while reading input message; nested exception is java.io.IOException: Stream closed]
2021-03-24 20:40:38.880 [http-nio-8081-exec-3] WARN  o.s.w.s.m.support.DefaultHandlerExceptionResolver - Resolved [org.springframework.http.converter.HttpMessageNotReadableException: I/O error while reading input message; nested exception is java.io.IOException: Stream closed]
