2021-03-19 16:04:47.597 [http-nio-8081-exec-3] DEBUG c.cn.mistletoe.mapper.UserMapper.getUserByUsername - ==>  Preparing: select * from mistletoe.user where username=?; 
2021-03-19 16:04:47.615 [http-nio-8081-exec-3] DEBUG c.cn.mistletoe.mapper.UserMapper.getUserByUsername - ==> Parameters: 陈亦蕴(String)
2021-03-19 16:04:47.647 [http-nio-8081-exec-3] DEBUG c.cn.mistletoe.mapper.UserMapper.getUserByUsername - <==      Total: 1
2021-03-19 16:04:47.648 [http-nio-8081-exec-3] DEBUG c.c.m.mapper.UserMapper.getPermissionByRoleId - ==>  Preparing: select * from permission as p where p.id in ( select rpr.permission_id from role_permission_relation AS rpr where rpr.role_id = (select urr.role_id from user_role_relation AS urr where urr.user_id = ?) ) 
2021-03-19 16:04:47.649 [http-nio-8081-exec-3] DEBUG c.c.m.mapper.UserMapper.getPermissionByRoleId - ==> Parameters: 120(Integer)
2021-03-19 16:04:47.651 [http-nio-8081-exec-3] DEBUG c.c.m.mapper.UserMapper.getPermissionByRoleId - <==      Total: 11
2021-03-19 16:04:48.251 [http-nio-8081-exec-3] DEBUG c.cn.mistletoe.mapper.UserMapper.getUserByUsername - ==>  Preparing: select * from mistletoe.user where username=?; 
2021-03-19 16:04:48.252 [http-nio-8081-exec-3] DEBUG c.cn.mistletoe.mapper.UserMapper.getUserByUsername - ==> Parameters: admin(String)
2021-03-19 16:04:48.253 [http-nio-8081-exec-3] DEBUG c.cn.mistletoe.mapper.UserMapper.getUserByUsername - <==      Total: 1
2021-03-19 16:04:49.457 [http-nio-8081-exec-5] DEBUG c.cn.mistletoe.mapper.UserMapper.getUserByUsername - ==>  Preparing: select * from mistletoe.user where username=?; 
2021-03-19 16:04:49.457 [http-nio-8081-exec-5] DEBUG c.cn.mistletoe.mapper.UserMapper.getUserByUsername - ==> Parameters: admin(String)
2021-03-19 16:04:49.458 [http-nio-8081-exec-5] DEBUG c.cn.mistletoe.mapper.UserMapper.getUserByUsername - <==      Total: 1
2021-03-19 16:04:49.458 [http-nio-8081-exec-5] DEBUG c.c.m.mapper.UserMapper.getPermissionByRoleId - ==>  Preparing: select * from permission as p where p.id in ( select rpr.permission_id from role_permission_relation AS rpr where rpr.role_id = (select urr.role_id from user_role_relation AS urr where urr.user_id = ?) ) 
2021-03-19 16:04:49.458 [http-nio-8081-exec-5] DEBUG c.c.m.mapper.UserMapper.getPermissionByRoleId - ==> Parameters: 3(Integer)
2021-03-19 16:04:49.464 [http-nio-8081-exec-5] DEBUG c.c.m.mapper.UserMapper.getPermissionByRoleId - <==      Total: 34
2021-03-19 16:04:49.491 [http-nio-8081-exec-5] DEBUG com.cn.mistletoe.mapper.DailyMapper.selectDailyId - ==>  Preparing: SELECT id FROM user WHERE username = ? 
2021-03-19 16:04:49.491 [http-nio-8081-exec-5] DEBUG com.cn.mistletoe.mapper.DailyMapper.selectDailyId - ==> Parameters: admin(String)
2021-03-19 16:04:49.493 [http-nio-8081-exec-5] DEBUG com.cn.mistletoe.mapper.DailyMapper.selectDailyId - <==      Total: 1
2021-03-19 16:04:49.515 [http-nio-8081-exec-7] DEBUG c.cn.mistletoe.mapper.UserMapper.getUserByUsername - ==>  Preparing: select * from mistletoe.user where username=?; 
2021-03-19 16:04:49.515 [http-nio-8081-exec-7] DEBUG c.cn.mistletoe.mapper.UserMapper.getUserByUsername - ==> Parameters: admin(String)
2021-03-19 16:04:49.516 [http-nio-8081-exec-7] DEBUG c.cn.mistletoe.mapper.UserMapper.getUserByUsername - <==      Total: 1
2021-03-19 16:04:49.516 [http-nio-8081-exec-7] DEBUG c.c.m.mapper.UserMapper.getPermissionByRoleId - ==>  Preparing: select * from permission as p where p.id in ( select rpr.permission_id from role_permission_relation AS rpr where rpr.role_id = (select urr.role_id from user_role_relation AS urr where urr.user_id = ?) ) 
2021-03-19 16:04:49.517 [http-nio-8081-exec-7] DEBUG c.c.m.mapper.UserMapper.getPermissionByRoleId - ==> Parameters: 3(Integer)
2021-03-19 16:04:49.520 [http-nio-8081-exec-7] DEBUG c.c.m.mapper.UserMapper.getPermissionByRoleId - <==      Total: 34
2021-03-19 16:04:49.525 [http-nio-8081-exec-7] DEBUG com.cn.mistletoe.mapper.DailyMapper.ReviewDailyAll - ==>  Preparing: SELECT * FROM daily 
2021-03-19 16:04:49.525 [http-nio-8081-exec-7] DEBUG com.cn.mistletoe.mapper.DailyMapper.ReviewDailyAll - ==> Parameters: 
2021-03-19 16:04:49.528 [http-nio-8081-exec-7] DEBUG com.cn.mistletoe.mapper.DailyMapper.ReviewDailyAll - <==      Total: 6
2021-03-19 16:52:36.267 [http-nio-8081-exec-7] DEBUG c.c.mistletoe.mapper.DailyMapper.updateDailyStatus - ==>  Preparing: UPDATE daily SET status = ? WHERE id = ? 
2021-03-19 16:52:36.284 [http-nio-8081-exec-7] DEBUG c.c.mistletoe.mapper.DailyMapper.updateDailyStatus - ==> Parameters: 1(String), 1(Integer)
2021-03-19 16:52:36.286 [http-nio-8081-exec-7] DEBUG c.c.mistletoe.mapper.DailyMapper.updateDailyStatus - <==    Updates: 1
2021-03-19 16:53:29.218 [http-nio-8081-exec-9] DEBUG c.c.mistletoe.mapper.DailyMapper.updateDailyStatus - ==>  Preparing: UPDATE daily SET status = ? WHERE id = ? 
2021-03-19 16:53:29.218 [http-nio-8081-exec-9] DEBUG c.c.mistletoe.mapper.DailyMapper.updateDailyStatus - ==> Parameters: 2(String), 1(Integer)
2021-03-19 16:53:29.330 [http-nio-8081-exec-9] DEBUG c.c.mistletoe.mapper.DailyMapper.updateDailyStatus - <==    Updates: 1
2021-03-19 17:00:00.628 [scheduling-1] DEBUG com.cn.mistletoe.mapper.RoleMapper.findAllRoles - ==>  Preparing: select * from role where 1 = 1 
2021-03-19 17:00:00.646 [scheduling-1] DEBUG com.cn.mistletoe.mapper.RoleMapper.findAllRoles - ==> Parameters: 
2021-03-19 17:00:00.664 [scheduling-1] DEBUG com.cn.mistletoe.mapper.RoleMapper.findAllRoles - <==      Total: 6
2021-03-19 17:00:00.677 [scheduling-1] DEBUG c.c.m.m.R.findPermissionsByRoleId - ==>  Preparing: select permission.* from permission left join role_permission_relation on role_permission_relation.permission_id = permission.id where role_permission_relation.role_id = ? 
2021-03-19 17:00:00.677 [scheduling-1] DEBUG c.c.m.m.R.findPermissionsByRoleId - ==> Parameters: 1(Integer)
2021-03-19 17:00:00.680 [scheduling-1] DEBUG c.c.m.m.R.findPermissionsByRoleId - <==      Total: 12
2021-03-19 17:00:00.682 [scheduling-1] DEBUG c.c.m.m.R.findPermissionsByRoleId - ==>  Preparing: select permission.* from permission left join role_permission_relation on role_permission_relation.permission_id = permission.id where role_permission_relation.role_id = ? 
2021-03-19 17:00:00.682 [scheduling-1] DEBUG c.c.m.m.R.findPermissionsByRoleId - ==> Parameters: 2(Integer)
2021-03-19 17:00:00.685 [scheduling-1] DEBUG c.c.m.m.R.findPermissionsByRoleId - <==      Total: 14
2021-03-19 17:00:00.686 [scheduling-1] DEBUG c.c.m.m.R.findPermissionsByRoleId - ==>  Preparing: select permission.* from permission left join role_permission_relation on role_permission_relation.permission_id = permission.id where role_permission_relation.role_id = ? 
2021-03-19 17:00:00.686 [scheduling-1] DEBUG c.c.m.m.R.findPermissionsByRoleId - ==> Parameters: 3(Integer)
2021-03-19 17:00:00.688 [scheduling-1] DEBUG c.c.m.m.R.findPermissionsByRoleId - <==      Total: 20
2021-03-19 17:00:00.689 [scheduling-1] DEBUG c.c.m.m.R.findPermissionsByRoleId - ==>  Preparing: select permission.* from permission left join role_permission_relation on role_permission_relation.permission_id = permission.id where role_permission_relation.role_id = ? 
2021-03-19 17:00:00.689 [scheduling-1] DEBUG c.c.m.m.R.findPermissionsByRoleId - ==> Parameters: 4(Integer)
2021-03-19 17:00:00.691 [scheduling-1] DEBUG c.c.m.m.R.findPermissionsByRoleId - <==      Total: 19
2021-03-19 17:00:00.692 [scheduling-1] DEBUG c.c.m.m.R.findPermissionsByRoleId - ==>  Preparing: select permission.* from permission left join role_permission_relation on role_permission_relation.permission_id = permission.id where role_permission_relation.role_id = ? 
2021-03-19 17:00:00.692 [scheduling-1] DEBUG c.c.m.m.R.findPermissionsByRoleId - ==> Parameters: 6(Integer)
2021-03-19 17:00:00.695 [scheduling-1] DEBUG c.c.m.m.R.findPermissionsByRoleId - <==      Total: 35
2021-03-19 17:00:00.697 [scheduling-1] DEBUG c.c.m.m.R.findPermissionsByRoleId - ==>  Preparing: select permission.* from permission left join role_permission_relation on role_permission_relation.permission_id = permission.id where role_permission_relation.role_id = ? 
2021-03-19 17:00:00.697 [scheduling-1] DEBUG c.c.m.m.R.findPermissionsByRoleId - ==> Parameters: 7(Integer)
2021-03-19 17:00:00.698 [scheduling-1] DEBUG c.c.m.m.R.findPermissionsByRoleId - <==      Total: 1
2021-03-19 17:00:00.731 [scheduling-1] DEBUG c.c.m.m.R.findPermissionsByRoleId - ==>  Preparing: select permission.* from permission left join role_permission_relation on role_permission_relation.permission_id = permission.id where role_permission_relation.role_id = ? 
2021-03-19 17:00:00.731 [scheduling-1] DEBUG c.c.m.m.R.findPermissionsByRoleId - ==> Parameters: 1(Integer)
2021-03-19 17:00:00.733 [scheduling-1] DEBUG c.c.m.m.R.findPermissionsByRoleId - <==      Total: 12
2021-03-19 17:00:00.751 [scheduling-1] DEBUG c.c.m.m.R.findPermissionsByRoleId - ==>  Preparing: select permission.* from permission left join role_permission_relation on role_permission_relation.permission_id = permission.id where role_permission_relation.role_id = ? 
2021-03-19 17:00:00.751 [scheduling-1] DEBUG c.c.m.m.R.findPermissionsByRoleId - ==> Parameters: 2(Integer)
2021-03-19 17:00:00.754 [scheduling-1] DEBUG c.c.m.m.R.findPermissionsByRoleId - <==      Total: 14
2021-03-19 17:00:00.756 [scheduling-1] DEBUG c.c.m.m.R.findPermissionsByRoleId - ==>  Preparing: select permission.* from permission left join role_permission_relation on role_permission_relation.permission_id = permission.id where role_permission_relation.role_id = ? 
2021-03-19 17:00:00.756 [scheduling-1] DEBUG c.c.m.m.R.findPermissionsByRoleId - ==> Parameters: 3(Integer)
2021-03-19 17:00:00.758 [scheduling-1] DEBUG c.c.m.m.R.findPermissionsByRoleId - <==      Total: 20
2021-03-19 17:00:00.759 [scheduling-1] DEBUG c.c.m.m.R.findPermissionsByRoleId - ==>  Preparing: select permission.* from permission left join role_permission_relation on role_permission_relation.permission_id = permission.id where role_permission_relation.role_id = ? 
2021-03-19 17:00:00.759 [scheduling-1] DEBUG c.c.m.m.R.findPermissionsByRoleId - ==> Parameters: 4(Integer)
2021-03-19 17:00:00.761 [scheduling-1] DEBUG c.c.m.m.R.findPermissionsByRoleId - <==      Total: 19
2021-03-19 17:00:00.762 [scheduling-1] DEBUG c.c.m.m.R.findPermissionsByRoleId - ==>  Preparing: select permission.* from permission left join role_permission_relation on role_permission_relation.permission_id = permission.id where role_permission_relation.role_id = ? 
2021-03-19 17:00:00.762 [scheduling-1] DEBUG c.c.m.m.R.findPermissionsByRoleId - ==> Parameters: 6(Integer)
2021-03-19 17:00:00.764 [scheduling-1] DEBUG c.c.m.m.R.findPermissionsByRoleId - <==      Total: 35
2021-03-19 17:00:00.765 [scheduling-1] DEBUG c.c.m.m.R.findPermissionsByRoleId - ==>  Preparing: select permission.* from permission left join role_permission_relation on role_permission_relation.permission_id = permission.id where role_permission_relation.role_id = ? 
2021-03-19 17:00:00.765 [scheduling-1] DEBUG c.c.m.m.R.findPermissionsByRoleId - ==> Parameters: 7(Integer)
2021-03-19 17:00:00.766 [scheduling-1] DEBUG c.c.m.m.R.findPermissionsByRoleId - <==      Total: 1
2021-03-19 17:00:00.770 [scheduling-1] DEBUG c.c.m.m.R.findAllPermission - ==>  Preparing: select permission.* from permission where 1=1 
2021-03-19 17:00:00.770 [scheduling-1] DEBUG c.c.m.m.R.findAllPermission - ==> Parameters: 
2021-03-19 17:00:00.773 [scheduling-1] DEBUG c.c.m.m.R.findAllPermission - <==      Total: 35
